This file contains any messages produced by compilers while
running configure, to aid debugging if configure makes a mistake.

It was created by randsobolfortran configure 1.0.0, which was
generated by GNU Autoconf 2.71.  Invocation command line was

  $ ./configure

## --------- ##
## Platform. ##
## --------- ##

hostname = mbp13dutang.home
uname -m = x86_64
uname -r = 21.4.0
uname -s = Darwin
uname -v = Darwin Kernel Version 21.4.0: Fri Mar 18 00:45:05 PDT 2022; root:xnu-8020.101.4~15/RELEASE_X86_64

/usr/bin/uname -p = i386
/bin/uname -X     = unknown

/bin/arch              = unknown
/usr/bin/arch -k       = unknown
/usr/convex/getsysinfo = unknown
/usr/bin/hostinfo      = Mach kernel version:
	 Darwin Kernel Version 21.4.0: Fri Mar 18 00:45:05 PDT 2022; root:xnu-8020.101.4~15/RELEASE_X86_64
Kernel configured for up to 4 processors.
2 processors are physically available.
4 processors are logically available.
Processor type: x86_64h (Intel x86-64h Haswell)
Processors active: 0 1 2 3
Primary memory available: 8.00 gigabytes
Default processor set: 410 tasks, 1570 threads, 4 processors
Load average: 1.19, Mach factor: 2.80
/bin/machine           = unknown
/usr/bin/oslevel       = unknown
/bin/universe          = unknown

PATH: /Library/Frameworks/Python.framework/Versions/2.7/bin/
PATH: /Library/Frameworks/Python.framework/Versions/2.7/bin/
PATH: /usr/local/bin/
PATH: /usr/bin/
PATH: /bin/
PATH: /usr/sbin/
PATH: /sbin/
PATH: /Library/TeX/texbin/
PATH: /opt/X11/bin/
PATH: /Library/Apple/usr/bin/


## ----------- ##
## Core tests. ##
## ----------- ##

configure:2464: checking for gcc
configure:2485: found /usr/bin/gcc
configure:2496: result: gcc
configure:2849: checking for C compiler version
configure:2858: gcc --version >&5
Apple clang version 13.0.0 (clang-1300.0.27.3)
Target: x86_64-apple-darwin21.4.0
Thread model: posix
InstalledDir: /Library/Developer/CommandLineTools/usr/bin
Configured with: --prefix=/Library/Developer/CommandLineTools/usr --with-gxx-include-dir=/Library/Developer/CommandLineTools/SDKs/MacOSX12.3.sdk/usr/include/c++/4.2.1
configure:2869: $? = 0
configure:2858: gcc -v >&5
Configured with: --prefix=/Library/Developer/CommandLineTools/usr --with-gxx-include-dir=/Library/Developer/CommandLineTools/SDKs/MacOSX12.3.sdk/usr/include/c++/4.2.1
Apple clang version 13.0.0 (clang-1300.0.27.3)
Target: x86_64-apple-darwin21.4.0
Thread model: posix
InstalledDir: /Library/Developer/CommandLineTools/usr/bin
configure:2869: $? = 0
configure:2858: gcc -V >&5
clang: error: argument to '-V' is missing (expected 1 value)
clang: error: no input files
configure:2869: $? = 1
configure:2858: gcc -qversion >&5
clang: error: unknown argument '-qversion'; did you mean '--version'?
clang: error: no input files
configure:2869: $? = 1
configure:2858: gcc -version >&5
clang: error: unknown argument '-version'; did you mean '--version'?
clang: error: no input files
configure:2869: $? = 1
configure:2889: checking whether the C compiler works
configure:2911: gcc    conftest.c  >&5
configure:2915: $? = 0
configure:2965: result: yes
configure:2968: checking for C compiler default output file name
configure:2970: result: a.out
configure:2976: checking for suffix of executables
configure:2983: gcc -o conftest    conftest.c  >&5
configure:2987: $? = 0
configure:3010: result: 
configure:3032: checking whether we are cross compiling
configure:3040: gcc -o conftest    conftest.c  >&5
configure:3044: $? = 0
configure:3051: ./conftest
configure:3055: $? = 0
configure:3070: result: no
configure:3075: checking for suffix of object files
configure:3098: gcc -c   conftest.c >&5
configure:3102: $? = 0
configure:3124: result: o
configure:3128: checking whether the compiler supports GNU C
configure:3148: gcc -c   conftest.c >&5
configure:3148: $? = 0
configure:3158: result: yes
configure:3169: checking whether gcc accepts -g
configure:3190: gcc -c -g  conftest.c >&5
configure:3190: $? = 0
configure:3234: result: yes
configure:3254: checking for gcc option to enable C11 features
configure:3269: gcc  -c -g -O2  conftest.c >&5
configure:3269: $? = 0
configure:3287: result: none needed
configure:3402: checking for stdio.h
configure:3402: gcc -c -g -O2  conftest.c >&5
configure:3402: $? = 0
configure:3402: result: yes
configure:3402: checking for stdlib.h
configure:3402: gcc -c -g -O2  conftest.c >&5
configure:3402: $? = 0
configure:3402: result: yes
configure:3402: checking for string.h
configure:3402: gcc -c -g -O2  conftest.c >&5
configure:3402: $? = 0
configure:3402: result: yes
configure:3402: checking for inttypes.h
configure:3402: gcc -c -g -O2  conftest.c >&5
configure:3402: $? = 0
configure:3402: result: yes
configure:3402: checking for stdint.h
configure:3402: gcc -c -g -O2  conftest.c >&5
configure:3402: $? = 0
configure:3402: result: yes
configure:3402: checking for strings.h
configure:3402: gcc -c -g -O2  conftest.c >&5
configure:3402: $? = 0
configure:3402: result: yes
configure:3402: checking for sys/stat.h
configure:3402: gcc -c -g -O2  conftest.c >&5
configure:3402: $? = 0
configure:3402: result: yes
configure:3402: checking for sys/types.h
configure:3402: gcc -c -g -O2  conftest.c >&5
configure:3402: $? = 0
configure:3402: result: yes
configure:3402: checking for unistd.h
configure:3402: gcc -c -g -O2  conftest.c >&5
configure:3402: $? = 0
configure:3402: result: yes
configure:3427: checking for sys/time.h
configure:3427: gcc -c -g -O2  conftest.c >&5
configure:3427: $? = 0
configure:3427: result: yes
configure:3435: checking for time.h
configure:3435: gcc -c -g -O2  conftest.c >&5
configure:3435: $? = 0
configure:3435: result: yes
configure:3443: checking for windows.h
configure:3443: gcc -c -g -O2  conftest.c >&5
conftest.c:49:10: fatal error: 'windows.h' file not found
#include <windows.h>
         ^~~~~~~~~~~
1 error generated.
configure:3443: $? = 1
configure: failed program was:
| /* confdefs.h */
| #define PACKAGE_NAME "randsobolfortran"
| #define PACKAGE_TARNAME "randsobolfortran"
| #define PACKAGE_VERSION "1.0.0"
| #define PACKAGE_STRING "randsobolfortran 1.0.0"
| #define PACKAGE_BUGREPORT "christophe.dutang@ensimag.fr"
| #define PACKAGE_URL ""
| #define HAVE_STDIO_H 1
| #define HAVE_STDLIB_H 1
| #define HAVE_STRING_H 1
| #define HAVE_INTTYPES_H 1
| #define HAVE_STDINT_H 1
| #define HAVE_STRINGS_H 1
| #define HAVE_SYS_STAT_H 1
| #define HAVE_SYS_TYPES_H 1
| #define HAVE_UNISTD_H 1
| #define STDC_HEADERS 1
| #define HAVE_SYS_TIME_H 1
| #define HAVE_TIME_H 1
| /* end confdefs.h.  */
| #include <stddef.h>
| #ifdef HAVE_STDIO_H
| # include <stdio.h>
| #endif
| #ifdef HAVE_STDLIB_H
| # include <stdlib.h>
| #endif
| #ifdef HAVE_STRING_H
| # include <string.h>
| #endif
| #ifdef HAVE_INTTYPES_H
| # include <inttypes.h>
| #endif
| #ifdef HAVE_STDINT_H
| # include <stdint.h>
| #endif
| #ifdef HAVE_STRINGS_H
| # include <strings.h>
| #endif
| #ifdef HAVE_SYS_TYPES_H
| # include <sys/types.h>
| #endif
| #ifdef HAVE_SYS_STAT_H
| # include <sys/stat.h>
| #endif
| #ifdef HAVE_UNISTD_H
| # include <unistd.h>
| #endif
| #include <windows.h>
configure:3443: result: no
configure:3452: checking for inttypes.h
configure:3452: result: yes
configure:3463: checking whether byte ordering is bigendian
configure:3487: gcc -c -g -O2  conftest.c >&5
configure:3487: $? = 0
configure:3506: gcc -c -g -O2  conftest.c >&5
conftest.c:29:13: error: use of undeclared identifier 'not'
            not big endian
            ^
1 error generated.
configure:3506: $? = 1
configure: failed program was:
| /* confdefs.h */
| #define PACKAGE_NAME "randsobolfortran"
| #define PACKAGE_TARNAME "randsobolfortran"
| #define PACKAGE_VERSION "1.0.0"
| #define PACKAGE_STRING "randsobolfortran 1.0.0"
| #define PACKAGE_BUGREPORT "christophe.dutang@ensimag.fr"
| #define PACKAGE_URL ""
| #define HAVE_STDIO_H 1
| #define HAVE_STDLIB_H 1
| #define HAVE_STRING_H 1
| #define HAVE_INTTYPES_H 1
| #define HAVE_STDINT_H 1
| #define HAVE_STRINGS_H 1
| #define HAVE_SYS_STAT_H 1
| #define HAVE_SYS_TYPES_H 1
| #define HAVE_UNISTD_H 1
| #define STDC_HEADERS 1
| #define HAVE_SYS_TIME_H 1
| #define HAVE_TIME_H 1
| #define HAVE_INTTYPES_H 1
| /* end confdefs.h.  */
| #include <sys/types.h>
|             #include <sys/param.h>
| int
| main (void)
| {
| 
|             #if BYTE_ORDER != BIG_ENDIAN
|             not big endian
|             #endif
|   ;
|   return 0;
| }
| 
configure:3557: result: no
configure:3619: checking size of unsigned long long
configure:3625: gcc -o conftest -g -O2   conftest.c  >&5

## ---------------- ##
## Cache variables. ##
## ---------------- ##

ac_cv_c_bigendian=no
ac_cv_c_compiler_gnu=yes
ac_cv_env_CC_set=
ac_cv_env_CC_value=
ac_cv_env_CFLAGS_set=
ac_cv_env_CFLAGS_value=
ac_cv_env_CPPFLAGS_set=
ac_cv_env_CPPFLAGS_value=
ac_cv_env_LDFLAGS_set=
ac_cv_env_LDFLAGS_value=
ac_cv_env_LIBS_set=
ac_cv_env_LIBS_value=
ac_cv_env_build_alias_set=
ac_cv_env_build_alias_value=
ac_cv_env_host_alias_set=
ac_cv_env_host_alias_value=
ac_cv_env_target_alias_set=
ac_cv_env_target_alias_value=
ac_cv_header_inttypes_h=yes
ac_cv_header_stdint_h=yes
ac_cv_header_stdio_h=yes
ac_cv_header_stdlib_h=yes
ac_cv_header_string_h=yes
ac_cv_header_strings_h=yes
ac_cv_header_sys_stat_h=yes
ac_cv_header_sys_time_h=yes
ac_cv_header_sys_types_h=yes
ac_cv_header_time_h=yes
ac_cv_header_unistd_h=yes
ac_cv_header_windows_h=no
ac_cv_objext=o
ac_cv_prog_ac_ct_CC=gcc
ac_cv_prog_cc_c11=
ac_cv_prog_cc_g=yes
ac_cv_prog_cc_stdc=

## ----------------- ##
## Output variables. ##
## ----------------- ##

CC='gcc'
CFLAGS='-g -O2'
CPPFLAGS=''
DEFS=''
ECHO_C='\c'
ECHO_N=''
ECHO_T=''
EXEEXT=''
LDFLAGS=''
LIBOBJS=''
LIBS=''
LTLIBOBJS=''
OBJEXT='o'
PACKAGE_BUGREPORT='christophe.dutang@ensimag.fr'
PACKAGE_NAME='randsobolfortran'
PACKAGE_STRING='randsobolfortran 1.0.0'
PACKAGE_TARNAME='randsobolfortran'
PACKAGE_URL=''
PACKAGE_VERSION='1.0.0'
PATH_SEPARATOR=':'
SHELL='/bin/sh'
ac_ct_CC='gcc'
bindir='${exec_prefix}/bin'
build_alias=''
datadir='${datarootdir}'
datarootdir='${prefix}/share'
docdir='${datarootdir}/doc/${PACKAGE_TARNAME}'
dvidir='${docdir}'
exec_prefix='NONE'
host_alias=''
htmldir='${docdir}'
includedir='${prefix}/include'
infodir='${datarootdir}/info'
libdir='${exec_prefix}/lib'
libexecdir='${exec_prefix}/libexec'
localedir='${datarootdir}/locale'
localstatedir='${prefix}/var'
mandir='${datarootdir}/man'
oldincludedir='/usr/include'
pdfdir='${docdir}'
prefix='NONE'
program_transform_name='s,x,x,'
psdir='${docdir}'
runstatedir='${localstatedir}/run'
sbindir='${exec_prefix}/sbin'
sharedstatedir='${prefix}/com'
sysconfdir='${prefix}/etc'
target_alias=''

## ----------- ##
## confdefs.h. ##
## ----------- ##

/* confdefs.h */
#define PACKAGE_NAME "randsobolfortran"
#define PACKAGE_TARNAME "randsobolfortran"
#define PACKAGE_VERSION "1.0.0"
#define PACKAGE_STRING "randsobolfortran 1.0.0"
#define PACKAGE_BUGREPORT "christophe.dutang@ensimag.fr"
#define PACKAGE_URL ""
#define HAVE_STDIO_H 1
#define HAVE_STDLIB_H 1
#define HAVE_STRING_H 1
#define HAVE_INTTYPES_H 1
#define HAVE_STDINT_H 1
#define HAVE_STRINGS_H 1
#define HAVE_SYS_STAT_H 1
#define HAVE_SYS_TYPES_H 1
#define HAVE_UNISTD_H 1
#define STDC_HEADERS 1
#define HAVE_SYS_TIME_H 1
#define HAVE_TIME_H 1
#define HAVE_INTTYPES_H 1
#define BYTEORDER 1234

configure: caught signal 2
configure: exit 1
